<?xml version="1.0" encoding="UTF-8" ?>
<testsuite tests="7" failures="0" name="com.namsor.oss.classify.bayes.NaiveBayesExplainerImplTest" time="0.547" errors="0" skipped="0">
  <properties>
[...]
</properties>
  <testcase classname="com.namsor.oss.classify.bayes.NaiveBayesExplainerImplTest" name="com.namsor.oss.classify.bayes.NaiveBayesExplainerImplTest.testLearnClassifyExplainLaplacedLogSample1" time="0.344"/>
  <testcase classname="com.namsor.oss.classify.bayes.NaiveBayesExplainerImplTest" name="com.namsor.oss.classify.bayes.NaiveBayesExplainerImplTest.testLearnClassifyExplainLaplacedLogSample2" time="0.044"/>
  <testcase classname="com.namsor.oss.classify.bayes.NaiveBayesExplainerImplTest" name="com.namsor.oss.classify.bayes.NaiveBayesExplainerImplTest.testLearnClassifyExplainLaplacedSample2" time="0.032"/>
  <testcase classname="com.namsor.oss.classify.bayes.NaiveBayesExplainerImplTest" name="com.namsor.oss.classify.bayes.NaiveBayesExplainerImplTest.testLearnClassifyExplainLaplacedSample1" time="0.041"/>
  <testcase classname="com.namsor.oss.classify.bayes.NaiveBayesExplainerImplTest" name="com.namsor.oss.classify.bayes.NaiveBayesExplainerImplTest.testLearnClassifyExplainSample3" time="0.036"/>
  <testcase classname="com.namsor.oss.classify.bayes.NaiveBayesExplainerImplTest" name="com.namsor.oss.classify.bayes.NaiveBayesExplainerImplTest.testLearnClassifyExplainSample1" time="0.027"/>
  <testcase classname="com.namsor.oss.classify.bayes.NaiveBayesExplainerImplTest" name="com.namsor.oss.classify.bayes.NaiveBayesExplainerImplTest.testLearnClassifyExplainSample2" time="0.023"/>
</testsuite>